2025-11-11 05:08:03.210 GMT [71984] LOG:  received smart shutdown request
2025-11-11 05:08:03.339 GMT [71984] LOG:  received SIGHUP, reloading configuration files
2025-11-11 05:08:03.493 GMT [71984] LOG:  background worker "logical replication launcher" (PID 71998) exited with exit code 1
2025-11-11 05:08:04.079 GMT [71991] LOG:  shutting down
2025-11-11 05:08:04.217 GMT [71991] LOG:  checkpoint starting: shutdown immediate
2025-11-11 05:08:04.384 GMT [71991] LOG:  checkpoint complete: wrote 0 buffers (0.0%); 0 WAL file(s) added, 0 removed, 0 recycled; write=0.003 s, sync=0.001 s, total=0.305 s; sync files=0, longest=0.000 s, average=0.000 s; distance=0 kB, estimate=0 kB; lsn=0/5F33F68, redo lsn=0/5F33F68
2025-11-11 05:08:04.432 GMT [71984] LOG:  database system is shut down
2025-11-11 11:41:03.182 GMT [172975] LOG:  starting PostgreSQL 16.10 on x86_64-redhat-linux-gnu, compiled by gcc (GCC) 11.5.0 20240719 (Red Hat 11.5.0-5), 64-bit
2025-11-11 11:41:03.183 GMT [172975] LOG:  listening on IPv4 address "127.0.0.1", port 5432
2025-11-11 11:41:05.497 GMT [172975] LOG:  listening on Unix socket "/dcs/23/u5503037/CS344/pgsock/.s.PGSQL.5432"
2025-11-11 11:41:05.623 GMT [173098] LOG:  database system was shut down at 2025-11-11 05:08:04 GMT
2025-11-11 11:41:05.665 GMT [172975] LOG:  database system is ready to accept connections
2025-11-11 11:46:05.722 GMT [173096] LOG:  checkpoint starting: time
2025-11-11 11:46:05.760 GMT [173096] LOG:  checkpoint complete: wrote 3 buffers (0.0%); 0 WAL file(s) added, 0 removed, 0 recycled; write=0.012 s, sync=0.001 s, total=0.038 s; sync files=2, longest=0.001 s, average=0.001 s; distance=0 kB, estimate=0 kB; lsn=0/5F34068, redo lsn=0/5F34030
2025-11-11 15:02:55.361 GMT [513460] ERROR:  missing FROM-clause entry for table "team_stats" at character 175
2025-11-11 15:02:55.361 GMT [513460] STATEMENT:  
	select team_stats_z.*
	from team_stats_z join team_stats_z opp_stats_z on team_stats_z.match_id = opp_stats_z.match_id and team_stats_z.is_home != opp_stats_z.is_home
	where (team_stats.score - opp_stats.score) > 0 and season > 2023
	
2025-11-11 15:03:30.408 GMT [514672] ERROR:  column "season" does not exist at character 223
2025-11-11 15:03:30.408 GMT [514672] STATEMENT:  
	select team_stats_z.*
	from team_stats_z join team_stats_z opp_stats_z on team_stats_z.match_id = opp_stats_z.match_id and team_stats_z.is_home != opp_stats_z.is_home
	where (team_stats_z.score - opp_stats_z.score) > 0 and season > 2023
	
2025-11-11 15:09:11.268 GMT [526948] ERROR:  missing FROM-clause entry for table "team_stats" at character 223
2025-11-11 15:09:11.268 GMT [526948] STATEMENT:  
	select team_stats_z.*
	from team_stats_z join team_stats_z opp_stats_z on team_stats_z.match_id = opp_stats_z.match_id and team_stats_z.is_home != opp_stats_z.is_home
	where (team_stats_z.score - opp_stats_z.score) > 0 and team_stats.season > 2023
	
