2025-11-01 13:48:34.218 GMT [3886126] LOG:  starting PostgreSQL 16.10 on x86_64-redhat-linux-gnu, compiled by gcc (GCC) 11.5.0 20240719 (Red Hat 11.5.0-5), 64-bit
2025-11-01 13:48:34.218 GMT [3886126] LOG:  listening on IPv4 address "127.0.0.1", port 5432
2025-11-01 13:48:34.227 GMT [3886126] LOG:  listening on Unix socket "/dcs/23/u5503037/CS344/pgsock/.s.PGSQL.5432"
2025-11-01 13:48:34.243 GMT [3886136] LOG:  database system was shut down at 2025-10-31 14:44:30 GMT
2025-11-01 13:48:34.261 GMT [3886126] LOG:  database system is ready to accept connections
2025-11-01 13:52:31.451 GMT [3902051] ERROR:  column "inside_10_metres_h" does not exist at character 63
2025-11-01 13:52:31.451 GMT [3902051] HINT:  Perhaps you meant to reference the column "matches.inside_ten_metres_h".
2025-11-01 13:52:31.451 GMT [3902051] STATEMENT:  SELECT COUNT(*) AS bad_inside_10_metres_h FROM matches WHERE (inside_10_metres_h < 0 OR inside_10_metres_h > 40) AND inside_10_metres_h IS NOT NULL;
2025-11-01 13:53:34.343 GMT [3886134] LOG:  checkpoint starting: time
2025-11-01 13:53:34.374 GMT [3886134] LOG:  checkpoint complete: wrote 3 buffers (0.0%); 0 WAL file(s) added, 0 removed, 0 recycled; write=0.014 s, sync=0.001 s, total=0.032 s; sync files=2, longest=0.001 s, average=0.001 s; distance=0 kB, estimate=0 kB; lsn=0/2FB1BC0, redo lsn=0/2FB1B88
2025-11-01 13:53:54.591 GMT [3902051] ERROR:  column "inside_10_metres_h" does not exist at character 91
2025-11-01 13:53:54.591 GMT [3902051] HINT:  Perhaps you meant to reference the column "matches.inside_ten_metres_h".
2025-11-01 13:53:54.591 GMT [3902051] STATEMENT:  SELECT COUNT(*) AS bad_inside_ten_metres_h FROM matches WHERE (inside_ten_metres_h < 0 OR inside_10_metres_h > 40) AND inside_10_metres_h IS NOT NULL;
2025-11-01 14:03:34.446 GMT [3886134] LOG:  checkpoint starting: time
2025-11-01 14:03:56.129 GMT [3886134] LOG:  checkpoint complete: wrote 217 buffers (1.3%); 0 WAL file(s) added, 0 removed, 1 recycled; write=21.655 s, sync=0.009 s, total=21.683 s; sync files=14, longest=0.009 s, average=0.001 s; distance=1666 kB, estimate=1666 kB; lsn=0/3152548, redo lsn=0/31524D8
2025-11-01 14:08:34.229 GMT [3886134] LOG:  checkpoint starting: time
2025-11-01 14:09:56.546 GMT [3977723] ERROR:  relation "matches" does not exist at character 34
2025-11-01 14:09:56.546 GMT [3977723] STATEMENT:  SELECT COUNT(*) AS bad_home FROM matches WHERE home IS NULL OR home = '';
2025-11-01 14:09:56.546 GMT [3977723] ERROR:  relation "matches" does not exist at character 40
2025-11-01 14:09:56.546 GMT [3977723] STATEMENT:  SELECT COUNT(*) AS bad_home_score FROM matches WHERE (home_score < 0 OR home_score > 120) AND home_score IS NOT NULL;
2025-11-01 14:09:56.546 GMT [3977723] ERROR:  relation "matches" does not exist at character 50
2025-11-01 14:09:56.546 GMT [3977723] STATEMENT:  SELECT COUNT(*) AS bad_time_in_possession_h FROM matches WHERE (time_in_possession_h < 600 OR time_in_possession_h > 4800) AND time_in_possession_h IS NOT NULL;
2025-11-01 14:09:56.546 GMT [3977723] ERROR:  relation "matches" does not exist at character 40
2025-11-01 14:09:56.546 GMT [3977723] STATEMENT:  SELECT COUNT(*) AS bad_all_runs_h FROM matches WHERE (all_runs_h < 0 OR all_runs_h > 400) AND all_runs_h IS NOT NULL;
2025-11-01 14:09:56.546 GMT [3977723] ERROR:  relation "matches" does not exist at character 46
2025-11-01 14:09:56.546 GMT [3977723] STATEMENT:  SELECT COUNT(*) AS bad_all_run_metres_h FROM matches WHERE (all_run_metres_h < 0 OR all_run_metres_h > 4000) AND all_run_metres_h IS NOT NULL;
2025-11-01 14:09:56.546 GMT [3977723] ERROR:  relation "matches" does not exist at character 51
2025-11-01 14:09:56.546 GMT [3977723] STATEMENT:  SELECT COUNT(*) AS bad_post_contact_metres_h FROM matches WHERE (post_contact_metres_h < 0 OR post_contact_metres_h > 2000) AND post_contact_metres_h IS NOT NULL;
2025-11-01 14:09:56.546 GMT [3977723] ERROR:  relation "matches" does not exist at character 43
2025-11-01 14:09:56.546 GMT [3977723] STATEMENT:  SELECT COUNT(*) AS bad_line_breaks_h FROM matches WHERE (line_breaks_h < 0 OR line_breaks_h > 40) AND line_breaks_h IS NOT NULL;
2025-11-01 14:09:56.546 GMT [3977723] ERROR:  relation "matches" does not exist at character 45
2025-11-01 14:09:56.546 GMT [3977723] STATEMENT:  SELECT COUNT(*) AS bad_tackle_breaks_h FROM matches WHERE (tackle_breaks_h < 0 OR tackle_breaks_h > 100) AND tackle_breaks_h IS NOT NULL;
2025-11-01 14:09:56.546 GMT [3977723] ERROR:  relation "matches" does not exist at character 52
2025-11-01 14:09:56.546 GMT [3977723] STATEMENT:  SELECT COUNT(*) AS bad_average_set_distance_h FROM matches WHERE (average_set_distance_h < 10 OR average_set_distance_h > 80) AND average_set_distance_h IS NOT NULL;
2025-11-01 14:09:56.546 GMT [3977723] ERROR:  relation "matches" does not exist at character 50
2025-11-01 14:09:56.546 GMT [3977723] STATEMENT:  SELECT COUNT(*) AS bad_kick_return_metres_h FROM matches WHERE (kick_return_metres_h < 0 OR kick_return_metres_h > 1000) AND kick_return_metres_h IS NOT NULL;
2025-11-01 14:09:56.546 GMT [3977723] ERROR:  relation "matches" does not exist at character 40
2025-11-01 14:09:56.546 GMT [3977723] STATEMENT:  SELECT COUNT(*) AS bad_offloads_h FROM matches WHERE (offloads_h < 0 OR offloads_h > 80) AND offloads_h IS NOT NULL;
2025-11-01 14:09:56.547 GMT [3977723] ERROR:  relation "matches" does not exist at character 40
2025-11-01 14:09:56.547 GMT [3977723] STATEMENT:  SELECT COUNT(*) AS bad_receipts_h FROM matches WHERE (receipts_h < 0 OR receipts_h > 800) AND receipts_h IS NOT NULL;
2025-11-01 14:09:56.547 GMT [3977723] ERROR:  relation "matches" does not exist at character 44
2025-11-01 14:09:56.547 GMT [3977723] STATEMENT:  SELECT COUNT(*) AS bad_total_passes_h FROM matches WHERE (total_passes_h < 0 OR total_passes_h > 1000) AND total_passes_h IS NOT NULL;
2025-11-01 14:09:56.547 GMT [3977723] ERROR:  relation "matches" does not exist at character 44
2025-11-01 14:09:56.547 GMT [3977723] STATEMENT:  SELECT COUNT(*) AS bad_dummy_passes_h FROM matches WHERE (dummy_passes_h < 0 OR dummy_passes_h > 400) AND dummy_passes_h IS NOT NULL;
2025-11-01 14:09:56.547 GMT [3977723] ERROR:  relation "matches" does not exist at character 37
2025-11-01 14:09:56.547 GMT [3977723] STATEMENT:  SELECT COUNT(*) AS bad_kicks_h FROM matches WHERE (kicks_h < 0 OR kicks_h > 80) AND kicks_h IS NOT NULL;
2025-11-01 14:09:56.547 GMT [3977723] ERROR:  relation "matches" does not exist at character 46
2025-11-01 14:09:56.547 GMT [3977723] STATEMENT:  SELECT COUNT(*) AS bad_kicking_metres_h FROM matches WHERE (kicking_metres_h < 0 OR kicking_metres_h > 4000) AND kicking_metres_h IS NOT NULL;
2025-11-01 14:09:56.547 GMT [3977723] ERROR:  relation "matches" does not exist at character 48
2025-11-01 14:09:56.547 GMT [3977723] STATEMENT:  SELECT COUNT(*) AS bad_forced_drop_outs_h FROM matches WHERE (forced_drop_outs_h < 0 OR forced_drop_outs_h > 20) AND forced_drop_outs_h IS NOT NULL;
2025-11-01 14:09:56.547 GMT [3977723] ERROR:  relation "matches" does not exist at character 37
2025-11-01 14:09:56.547 GMT [3977723] STATEMENT:  SELECT COUNT(*) AS bad_bombs_h FROM matches WHERE (bombs_h < 0 OR bombs_h > 40) AND bombs_h IS NOT NULL;
2025-11-01 14:09:56.547 GMT [3977723] ERROR:  relation "matches" does not exist at character 40
2025-11-01 14:09:56.547 GMT [3977723] STATEMENT:  SELECT COUNT(*) AS bad_grubbers_h FROM matches WHERE (grubbers_h < 0 OR grubbers_h > 60) AND grubbers_h IS NOT NULL;
2025-11-01 14:09:56.547 GMT [3977723] ERROR:  relation "matches" does not exist at character 44
2025-11-01 14:09:56.547 GMT [3977723] STATEMENT:  SELECT COUNT(*) AS bad_tackles_made_h FROM matches WHERE (tackles_made_h < 0 OR tackles_made_h > 800) AND tackles_made_h IS NOT NULL;
2025-11-01 14:09:56.547 GMT [3977723] ERROR:  relation "matches" does not exist at character 46
2025-11-01 14:09:56.547 GMT [3977723] STATEMENT:  SELECT COUNT(*) AS bad_missed_tackles_h FROM matches WHERE (missed_tackles_h < 0 OR missed_tackles_h > 120) AND missed_tackles_h IS NOT NULL;
2025-11-01 14:09:56.547 GMT [3977723] ERROR:  relation "matches" does not exist at character 42
2025-11-01 14:09:56.547 GMT [3977723] STATEMENT:  SELECT COUNT(*) AS bad_intercepts_h FROM matches WHERE (intercepts_h < 0 OR intercepts_h > 10) AND intercepts_h IS NOT NULL;
2025-11-01 14:09:56.547 GMT [3977723] ERROR:  relation "matches" does not exist at character 51
2025-11-01 14:09:56.547 GMT [3977723] STATEMENT:  SELECT COUNT(*) AS bad_ineffective_tackles_h FROM matches WHERE (ineffective_tackles_h < 0 OR ineffective_tackles_h > 150) AND ineffective_tackles_h IS NOT NULL;
2025-11-01 14:09:56.547 GMT [3977723] ERROR:  relation "matches" does not exist at character 38
2025-11-01 14:09:56.547 GMT [3977723] STATEMENT:  SELECT COUNT(*) AS bad_errors_h FROM matches WHERE (errors_h < 0 OR errors_h > 50) AND errors_h IS NOT NULL;
2025-11-01 14:09:56.547 GMT [3977723] ERROR:  relation "matches" does not exist at character 50
2025-11-01 14:09:56.547 GMT [3977723] STATEMENT:  SELECT COUNT(*) AS bad_penalties_conceded_h FROM matches WHERE (penalties_conceded_h < 0 OR penalties_conceded_h > 40) AND penalties_conceded_h IS NOT NULL;
2025-11-01 14:09:56.547 GMT [3977723] ERROR:  relation "matches" does not exist at character 50
2025-11-01 14:09:56.547 GMT [3977723] STATEMENT:  SELECT COUNT(*) AS bad_ruck_infringements_h FROM matches WHERE (ruck_infringements_h < 0 OR ruck_infringements_h > 30) AND ruck_infringements_h IS NOT NULL;
2025-11-01 14:09:56.547 GMT [3977723] ERROR:  relation "matches" does not exist at character 49
2025-11-01 14:09:56.547 GMT [3977723] STATEMENT:  SELECT COUNT(*) AS bad_inside_ten_metres_h FROM matches WHERE (inside_ten_metres_h < 0 OR inside_ten_metres_h > 40) AND inside_ten_metres_h IS NOT NULL;
2025-11-01 14:09:56.547 GMT [3977723] ERROR:  relation "matches" does not exist at character 49
2025-11-01 14:09:56.547 GMT [3977723] STATEMENT:  SELECT COUNT(*) AS bad_interchanges_used_h FROM matches WHERE (interchanges_used_h < 0 OR interchanges_used_h > 12) AND interchanges_used_h IS NOT NULL;
2025-11-01 14:09:56.547 GMT [3977723] ERROR:  relation "matches" does not exist at character 47
2025-11-01 14:09:56.547 GMT [3977723] STATEMENT:  SELECT COUNT(*) AS bad_completion_rate_h FROM matches WHERE (completion_rate_h < 0 OR completion_rate_h > 100) AND completion_rate_h IS NOT NULL;
2025-11-01 14:09:56.547 GMT [3977723] ERROR:  relation "matches" does not exist at character 55
2025-11-01 14:09:56.547 GMT [3977723] STATEMENT:  SELECT COUNT(*) AS bad_average_play_ball_speed_h FROM matches WHERE (average_play_ball_speed_h < 1 OR average_play_ball_speed_h > 6) AND average_play_ball_speed_h IS NOT NULL;
2025-11-01 14:09:56.547 GMT [3977723] ERROR:  relation "matches" does not exist at character 44
2025-11-01 14:09:56.547 GMT [3977723] STATEMENT:  SELECT COUNT(*) AS bad_kick_defusal_h FROM matches WHERE (kick_defusal_h < 0 OR kick_defusal_h > 100) AND kick_defusal_h IS NOT NULL;
2025-11-01 14:09:56.547 GMT [3977723] ERROR:  relation "matches" does not exist at character 48
2025-11-01 14:09:56.547 GMT [3977723] STATEMENT:  SELECT COUNT(*) AS bad_effective_tackle_h FROM matches WHERE (effective_tackle_h < 0 OR effective_tackle_h > 100) AND effective_tackle_h IS NOT NULL;
2025-11-01 14:09:56.547 GMT [3977723] ERROR:  relation "matches" does not exist at character 37
2025-11-01 14:09:56.547 GMT [3977723] STATEMENT:  SELECT COUNT(*) AS bad_tries_h FROM matches WHERE (tries_h < 0 OR tries_h > 30) AND tries_h IS NOT NULL;
2025-11-01 14:09:56.547 GMT [3977723] ERROR:  relation "matches" does not exist at character 43
2025-11-01 14:09:56.547 GMT [3977723] STATEMENT:  SELECT COUNT(*) AS bad_conversions_h FROM matches WHERE (conversions_h < 0 OR conversions_h > 15) AND conversions_h IS NOT NULL;
2025-11-01 14:09:56.547 GMT [3977723] ERROR:  relation "matches" does not exist at character 50
2025-11-01 14:09:56.547 GMT [3977723] STATEMENT:  SELECT COUNT(*) AS bad_conversions_missed_h FROM matches WHERE (conversions_missed_h < 0 OR conversions_missed_h > 15) AND conversions_missed_h IS NOT NULL;
2025-11-01 14:09:56.547 GMT [3977723] ERROR:  relation "matches" does not exist at character 45
2025-11-01 14:09:56.547 GMT [3977723] STATEMENT:  SELECT COUNT(*) AS bad_penalty_goals_h FROM matches WHERE (penalty_goals_h < 0 OR penalty_goals_h > 10) AND penalty_goals_h IS NOT NULL;
2025-11-01 14:09:56.547 GMT [3977723] ERROR:  relation "matches" does not exist at character 52
2025-11-01 14:09:56.547 GMT [3977723] STATEMENT:  SELECT COUNT(*) AS bad_penalty_goals_missed_h FROM matches WHERE (penalty_goals_missed_h < 0 OR penalty_goals_missed_h > 10) AND penalty_goals_missed_h IS NOT NULL;
2025-11-01 14:09:56.547 GMT [3977723] ERROR:  relation "matches" does not exist at character 40
2025-11-01 14:09:56.547 GMT [3977723] STATEMENT:  SELECT COUNT(*) AS bad_sin_bins_h FROM matches WHERE (sin_bins_h < 0 OR sin_bins_h > 10) AND sin_bins_h IS NOT NULL;
2025-11-01 14:09:56.547 GMT [3977723] ERROR:  relation "matches" does not exist at character 53
2025-11-01 14:09:56.547 GMT [3977723] STATEMENT:  SELECT COUNT(*) AS bad_one_point_field_goals_h FROM matches WHERE (one_point_field_goals_h < 0 OR one_point_field_goals_h > 5) AND one_point_field_goals_h IS NOT NULL;
2025-11-01 14:09:56.547 GMT [3977723] ERROR:  relation "matches" does not exist at character 60
2025-11-01 14:09:56.547 GMT [3977723] STATEMENT:  SELECT COUNT(*) AS bad_one_point_field_goals_missed_h FROM matches WHERE (one_point_field_goals_missed_h < 0 OR one_point_field_goals_missed_h > 10) AND one_point_field_goals_missed_h IS NOT NULL;
2025-11-01 14:09:56.547 GMT [3977723] ERROR:  relation "matches" does not exist at character 53
2025-11-01 14:09:56.547 GMT [3977723] STATEMENT:  SELECT COUNT(*) AS bad_two_point_field_goals_h FROM matches WHERE (two_point_field_goals_h < 0 OR two_point_field_goals_h > 5) AND two_point_field_goals_h IS NOT NULL;
2025-11-01 14:09:56.547 GMT [3977723] ERROR:  relation "matches" does not exist at character 60
2025-11-01 14:09:56.547 GMT [3977723] STATEMENT:  SELECT COUNT(*) AS bad_two_point_field_goals_missed_h FROM matches WHERE (two_point_field_goals_missed_h < 0 OR two_point_field_goals_missed_h > 6) AND two_point_field_goals_missed_h IS NOT NULL;
2025-11-01 14:09:56.548 GMT [3977723] ERROR:  relation "matches" does not exist at character 41
2025-11-01 14:09:56.548 GMT [3977723] STATEMENT:  SELECT COUNT(*) AS bad_half_time_h FROM matches WHERE (half_time_h < 0 OR half_time_h > 80) AND half_time_h IS NOT NULL;
2025-11-01 14:10:05.196 GMT [3886134] LOG:  checkpoint complete: wrote 914 buffers (5.6%); 0 WAL file(s) added, 0 removed, 0 recycled; write=90.942 s, sync=0.006 s, total=90.967 s; sync files=14, longest=0.005 s, average=0.001 s; distance=8793 kB, estimate=8793 kB; lsn=0/3C112A8, redo lsn=0/39E8A68
2025-11-01 14:13:34.250 GMT [3886134] LOG:  checkpoint starting: time
2025-11-01 14:13:47.101 GMT [3886134] LOG:  checkpoint complete: wrote 129 buffers (0.8%); 0 WAL file(s) added, 0 removed, 0 recycled; write=12.832 s, sync=0.001 s, total=12.851 s; sync files=15, longest=0.001 s, average=0.001 s; distance=2607 kB, estimate=8174 kB; lsn=0/3C74860, redo lsn=0/3C74828
2025-11-01 14:19:14.006 GMT [3886126] LOG:  received fast shutdown request
2025-11-01 14:19:14.008 GMT [3886126] LOG:  aborting any active transactions
2025-11-01 14:19:14.010 GMT [3886126] LOG:  background worker "logical replication launcher" (PID 3886139) exited with exit code 1
2025-11-01 14:19:14.010 GMT [3886134] LOG:  shutting down
2025-11-01 14:19:14.023 GMT [3886134] LOG:  checkpoint starting: shutdown immediate
2025-11-01 14:19:14.034 GMT [3886134] LOG:  checkpoint complete: wrote 0 buffers (0.0%); 0 WAL file(s) added, 0 removed, 0 recycled; write=0.001 s, sync=0.001 s, total=0.025 s; sync files=0, longest=0.000 s, average=0.000 s; distance=0 kB, estimate=7357 kB; lsn=0/3C74910, redo lsn=0/3C74910
2025-11-01 14:19:14.043 GMT [3886126] LOG:  database system is shut down
