2025-10-31 13:12:49.630 GMT [2973015] LOG:  starting PostgreSQL 16.10 on x86_64-redhat-linux-gnu, compiled by gcc (GCC) 11.5.0 20240719 (Red Hat 11.5.0-5), 64-bit
2025-10-31 13:12:49.630 GMT [2973015] LOG:  listening on IPv4 address "127.0.0.1", port 5432
2025-10-31 13:12:49.638 GMT [2973015] LOG:  listening on Unix socket "/dcs/23/u5503037/CS344/pgsock/.s.PGSQL.5432"
2025-10-31 13:12:49.655 GMT [2973020] LOG:  database system was shut down at 2025-10-30 23:14:56 GMT
2025-10-31 13:12:49.672 GMT [2973015] LOG:  database system is ready to accept connections
2025-10-31 13:17:49.751 GMT [2973018] LOG:  checkpoint starting: time
2025-10-31 13:17:58.269 GMT [2973018] LOG:  checkpoint complete: wrote 87 buffers (0.5%); 0 WAL file(s) added, 0 removed, 1 recycled; write=8.458 s, sync=0.034 s, total=8.518 s; sync files=42, longest=0.024 s, average=0.001 s; distance=568 kB, estimate=568 kB; lsn=0/203C390, redo lsn=0/203C320
2025-10-31 13:22:49.311 GMT [2973018] LOG:  checkpoint starting: time
2025-10-31 13:22:49.834 GMT [2973018] LOG:  checkpoint complete: wrote 6 buffers (0.0%); 0 WAL file(s) added, 0 removed, 0 recycled; write=0.505 s, sync=0.002 s, total=0.524 s; sync files=4, longest=0.002 s, average=0.001 s; distance=17 kB, estimate=513 kB; lsn=0/2040908, redo lsn=0/20408D0
2025-10-31 13:27:49.934 GMT [2973018] LOG:  checkpoint starting: time
2025-10-31 13:27:57.298 GMT [2973018] LOG:  checkpoint complete: wrote 74 buffers (0.5%); 0 WAL file(s) added, 0 removed, 0 recycled; write=7.342 s, sync=0.010 s, total=7.364 s; sync files=36, longest=0.009 s, average=0.001 s; distance=299 kB, estimate=491 kB; lsn=0/208B8B0, redo lsn=0/208B878
2025-10-31 13:32:49.393 GMT [2973018] LOG:  checkpoint starting: time
2025-10-31 13:32:56.540 GMT [2973018] LOG:  checkpoint complete: wrote 72 buffers (0.4%); 0 WAL file(s) added, 0 removed, 0 recycled; write=7.117 s, sync=0.004 s, total=7.147 s; sync files=13, longest=0.004 s, average=0.001 s; distance=518 kB, estimate=518 kB; lsn=0/210D328, redo lsn=0/210D2F0
2025-10-31 13:42:49.679 GMT [2973018] LOG:  checkpoint starting: time
2025-10-31 13:43:01.817 GMT [2973018] LOG:  checkpoint complete: wrote 122 buffers (0.7%); 0 WAL file(s) added, 0 removed, 0 recycled; write=12.124 s, sync=0.004 s, total=12.138 s; sync files=13, longest=0.003 s, average=0.001 s; distance=895 kB, estimate=895 kB; lsn=0/21ED218, redo lsn=0/21ED1E0
2025-10-31 13:47:49.916 GMT [2973018] LOG:  checkpoint starting: time
2025-10-31 13:48:01.174 GMT [2973018] LOG:  checkpoint complete: wrote 114 buffers (0.7%); 0 WAL file(s) added, 0 removed, 0 recycled; write=11.234 s, sync=0.005 s, total=11.259 s; sync files=14, longest=0.005 s, average=0.001 s; distance=827 kB, estimate=888 kB; lsn=0/22D1680, redo lsn=0/22BC068
2025-10-31 13:52:49.274 GMT [2973018] LOG:  checkpoint starting: time
2025-10-31 13:53:05.526 GMT [2973018] LOG:  checkpoint complete: wrote 163 buffers (1.0%); 0 WAL file(s) added, 0 removed, 0 recycled; write=16.229 s, sync=0.003 s, total=16.252 s; sync files=14, longest=0.002 s, average=0.001 s; distance=765 kB, estimate=876 kB; lsn=0/237B530, redo lsn=0/237B4F8
2025-10-31 13:57:49.625 GMT [2973018] LOG:  checkpoint starting: time
2025-10-31 13:57:58.182 GMT [2973018] LOG:  checkpoint complete: wrote 86 buffers (0.5%); 0 WAL file(s) added, 0 removed, 0 recycled; write=8.523 s, sync=0.010 s, total=8.558 s; sync files=15, longest=0.010 s, average=0.001 s; distance=568 kB, estimate=845 kB; lsn=0/2409580, redo lsn=0/2409548
2025-10-31 14:12:49.456 GMT [2973018] LOG:  checkpoint starting: time
2025-10-31 14:13:59.503 GMT [2973018] LOG:  checkpoint complete: wrote 704 buffers (4.3%); 0 WAL file(s) added, 0 removed, 0 recycled; write=70.007 s, sync=0.006 s, total=70.048 s; sync files=15, longest=0.005 s, average=0.001 s; distance=6469 kB, estimate=6469 kB; lsn=0/2BA5AB0, redo lsn=0/2A5AA48
2025-10-31 14:27:49.748 GMT [2973018] LOG:  checkpoint starting: time
2025-10-31 14:28:40.044 GMT [2973018] LOG:  checkpoint complete: wrote 504 buffers (3.1%); 0 WAL file(s) added, 0 removed, 0 recycled; write=50.276 s, sync=0.011 s, total=50.296 s; sync files=15, longest=0.006 s, average=0.001 s; distance=1381 kB, estimate=5960 kB; lsn=0/2BB4078, redo lsn=0/2BB4040
2025-10-31 14:31:27.617 GMT [3305505] ERROR:  relation "matches" does not exist at character 13
2025-10-31 14:31:27.617 GMT [3305505] STATEMENT:  delete from matches;
2025-10-31 14:31:28.385 GMT [3305505] ERROR:  relation "matches" does not exist at character 13
2025-10-31 14:31:28.385 GMT [3305505] STATEMENT:  delete from matches;
2025-10-31 14:32:49.105 GMT [2973018] LOG:  checkpoint starting: time
2025-10-31 14:33:15.998 GMT [2973018] LOG:  checkpoint complete: wrote 270 buffers (1.6%); 0 WAL file(s) added, 0 removed, 0 recycled; write=26.857 s, sync=0.003 s, total=26.894 s; sync files=16, longest=0.003 s, average=0.001 s; distance=4073 kB, estimate=5771 kB; lsn=0/2FAE4F8, redo lsn=0/2FAE4C0
2025-10-31 14:34:57.557 GMT [3307836] ERROR:  syntax error at or near "10" at character 12
2025-10-31 14:34:57.557 GMT [3307836] STATEMENT:  SELECT top 10 home, away, home_score, away_score, season FROM MATCHES order by time_in_possession_h desc;
2025-10-31 14:37:35.797 GMT [3307836] ERROR:  column "average_play_ball_speed" does not exist at character 52
2025-10-31 14:37:35.797 GMT [3307836] HINT:  Perhaps you meant to reference the column "matches.average_play_ball_speed_h" or the column "matches.average_play_ball_speed_a".
2025-10-31 14:37:35.797 GMT [3307836] STATEMENT:  SELECT home, away, home_score, away_score, season, average_play_ball_speed FROM MATCHES where time_in_possession_h != null order by time_in_possession_h desc limit 10;
2025-10-31 14:38:16.875 GMT [3307836] ERROR:  column "average_play_ball_speed" does not exist at character 100
2025-10-31 14:38:16.875 GMT [3307836] HINT:  Perhaps you meant to reference the column "matches.average_play_ball_speed_h" or the column "matches.average_play_ball_speed_a".
2025-10-31 14:38:16.875 GMT [3307836] STATEMENT:  SELECT home, away, home_score, away_score, season, average_play_ball_speed_h FROM MATCHES order by average_play_ball_speed desc limit 10;
2025-10-31 14:41:32.488 GMT [3307836] ERROR:  trailing junk after numeric literal at or near "2025limit" at character 70
2025-10-31 14:41:32.488 GMT [3307836] STATEMENT:  select season, average_play_ball_speed_a from matches where season = 2025limit 10;
2025-10-31 14:42:50.196 GMT [2973018] LOG:  checkpoint starting: time
2025-10-31 14:42:53.325 GMT [2973018] LOG:  checkpoint complete: wrote 31 buffers (0.2%); 0 WAL file(s) added, 0 removed, 0 recycled; write=3.106 s, sync=0.007 s, total=3.130 s; sync files=1, longest=0.007 s, average=0.007 s; distance=13 kB, estimate=5195 kB; lsn=0/2FB1A28, redo lsn=0/2FB19F0
2025-10-31 14:44:30.254 GMT [2973015] LOG:  received fast shutdown request
2025-10-31 14:44:30.261 GMT [2973015] LOG:  aborting any active transactions
2025-10-31 14:44:30.263 GMT [2973015] LOG:  background worker "logical replication launcher" (PID 2973023) exited with exit code 1
2025-10-31 14:44:30.263 GMT [2973018] LOG:  shutting down
2025-10-31 14:44:30.264 GMT [2973018] LOG:  checkpoint starting: shutdown immediate
2025-10-31 14:44:30.284 GMT [2973018] LOG:  checkpoint complete: wrote 0 buffers (0.0%); 0 WAL file(s) added, 0 removed, 0 recycled; write=0.001 s, sync=0.001 s, total=0.022 s; sync files=0, longest=0.000 s, average=0.000 s; distance=0 kB, estimate=4676 kB; lsn=0/2FB1AD8, redo lsn=0/2FB1AD8
2025-10-31 14:44:30.296 GMT [2973015] LOG:  database system is shut down
